

============================== 2022-10-25 22:07:04.811738 | b6b6f5b7-cb16-4868-aaa2-bd823ee3106f ==============================
22:07:04.811738 [info ] [MainThread]: Running with dbt=1.0.1
22:07:04.812586 [debug] [MainThread]: running dbt with arguments Namespace(record_timing_info=None, debug=None, log_format=None, write_json=None, use_colors=None, printer_width=None, warn_error=None, version_check=None, partial_parse=None, single_threaded=False, use_experimental_parser=None, static_parser=None, profiles_dir='/Users/mikefuller/.dbt', send_anonymous_usage_stats=None, fail_fast=None, event_buffer_size=None, project_dir=None, profile=None, target=None, vars='{}', log_cache_events=False, compile=True, threads=None, select=None, exclude=None, selector_name=None, state=None, defer=None, cls=<class 'dbt.task.generate.GenerateTask'>, which='generate', rpc_method='docs.generate')
22:07:04.812926 [debug] [MainThread]: Tracking: tracking
22:07:04.813518 [debug] [MainThread]: Sending event: {'category': 'dbt', 'action': 'invocation', 'label': 'start', 'context': [<snowplow_tracker.self_describing_json.SelfDescribingJson object at 0x10c149dc0>, <snowplow_tracker.self_describing_json.SelfDescribingJson object at 0x10c1495b0>, <snowplow_tracker.self_describing_json.SelfDescribingJson object at 0x10c149d30>]}
22:07:04.814660 [debug] [MainThread]: Sending event: {'category': 'dbt', 'action': 'invocation', 'label': 'end', 'context': [<snowplow_tracker.self_describing_json.SelfDescribingJson object at 0x10c1495b0>, <snowplow_tracker.self_describing_json.SelfDescribingJson object at 0x10c149d30>, <snowplow_tracker.self_describing_json.SelfDescribingJson object at 0x10c149f10>]}


============================== 2022-10-25 22:08:05.234145 | a795a881-cda7-434a-868b-57a4648be1c9 ==============================
22:08:05.234145 [info ] [MainThread]: Running with dbt=1.0.1
22:08:05.234641 [debug] [MainThread]: running dbt with arguments Namespace(record_timing_info=None, debug=None, log_format=None, write_json=None, use_colors=None, printer_width=None, warn_error=None, version_check=None, partial_parse=None, single_threaded=False, use_experimental_parser=None, static_parser=None, profiles_dir='/Users/mikefuller/.dbt', send_anonymous_usage_stats=None, fail_fast=None, event_buffer_size=None, project_dir=None, profile=None, target=None, vars='{}', log_cache_events=False, defer=None, state=None, cls=<class 'dbt.task.deps.DepsTask'>, which='deps', rpc_method='deps')
22:08:05.234954 [debug] [MainThread]: Tracking: tracking
22:08:05.235238 [debug] [MainThread]: Sending event: {'category': 'dbt', 'action': 'invocation', 'label': 'start', 'context': [<snowplow_tracker.self_describing_json.SelfDescribingJson object at 0x10f06c5b0>, <snowplow_tracker.self_describing_json.SelfDescribingJson object at 0x10f06c4f0>, <snowplow_tracker.self_describing_json.SelfDescribingJson object at 0x10f06cd60>]}
22:08:05.236889 [debug] [MainThread]: Set downloads directory='/var/folders/cy/7dyczp612f3fgjkp4r7qqfvc0000gn/T/dbt-downloads-18gqqhms'
22:08:05.237579 [debug] [MainThread]: Making package registry request: GET https://hub.getdbt.com/api/v1/index.json
22:08:05.835575 [debug] [MainThread]: Response from registry: GET https://hub.getdbt.com/api/v1/index.json 200
22:08:05.836376 [debug] [MainThread]: Making package registry request: GET https://hub.getdbt.com/api/v1/dbt-labs/codegen.json
22:08:06.008499 [debug] [MainThread]: Response from registry: GET https://hub.getdbt.com/api/v1/dbt-labs/codegen.json 200
22:08:06.011750 [debug] [MainThread]: Making package registry request: GET https://hub.getdbt.com/api/v1/dbt-labs/codegen/0.6.0.json
22:08:06.177274 [debug] [MainThread]: Response from registry: GET https://hub.getdbt.com/api/v1/dbt-labs/codegen/0.6.0.json 200
22:08:06.178281 [debug] [MainThread]: Making package registry request: GET https://hub.getdbt.com/api/v1/dbt-labs/dbt_utils.json
22:08:06.348406 [debug] [MainThread]: Response from registry: GET https://hub.getdbt.com/api/v1/dbt-labs/dbt_utils.json 200
22:08:06.378306 [debug] [MainThread]: Making package registry request: GET https://hub.getdbt.com/api/v1/dbt-labs/dbt_utils/0.8.4.json
22:08:06.538008 [debug] [MainThread]: Response from registry: GET https://hub.getdbt.com/api/v1/dbt-labs/dbt_utils/0.8.4.json 200
22:08:06.538833 [debug] [MainThread]: Making package registry request: GET https://hub.getdbt.com/api/v1/dbt-labs/dbt_external_tables.json
22:08:06.708819 [debug] [MainThread]: Response from registry: GET https://hub.getdbt.com/api/v1/dbt-labs/dbt_external_tables.json 200
22:08:06.712162 [debug] [MainThread]: Making package registry request: GET https://hub.getdbt.com/api/v1/dbt-labs/dbt_external_tables/0.8.0.json
22:08:06.877500 [debug] [MainThread]: Response from registry: GET https://hub.getdbt.com/api/v1/dbt-labs/dbt_external_tables/0.8.0.json 200
22:08:06.878302 [debug] [MainThread]: Making package registry request: GET https://hub.getdbt.com/api/v1/calogica/dbt_expectations.json
22:08:07.053395 [debug] [MainThread]: Response from registry: GET https://hub.getdbt.com/api/v1/calogica/dbt_expectations.json 200
22:08:07.065858 [debug] [MainThread]: Making package registry request: GET https://hub.getdbt.com/api/v1/calogica/dbt_expectations/0.5.6.json
22:08:07.310066 [debug] [MainThread]: Response from registry: GET https://hub.getdbt.com/api/v1/calogica/dbt_expectations/0.5.6.json 200
22:08:07.311144 [debug] [MainThread]: Making package registry request: GET https://hub.getdbt.com/api/v1/dbt-labs/metrics.json
22:08:07.490631 [debug] [MainThread]: Response from registry: GET https://hub.getdbt.com/api/v1/dbt-labs/metrics.json 200
22:08:07.498042 [debug] [MainThread]: Making package registry request: GET https://hub.getdbt.com/api/v1/dbt-labs/metrics/1.3.0.json
22:08:07.727195 [debug] [MainThread]: Response from registry: GET https://hub.getdbt.com/api/v1/dbt-labs/metrics/1.3.0.json 200
22:08:07.727847 [debug] [MainThread]: Making package registry request: GET https://hub.getdbt.com/api/v1/dbt-labs/dbt_utils.json
22:08:07.882193 [debug] [MainThread]: Response from registry: GET https://hub.getdbt.com/api/v1/dbt-labs/dbt_utils.json 200
22:08:07.912787 [debug] [MainThread]: Making package registry request: GET https://hub.getdbt.com/api/v1/dbt-labs/dbt_utils/0.8.4.json
22:08:08.073989 [debug] [MainThread]: Response from registry: GET https://hub.getdbt.com/api/v1/dbt-labs/dbt_utils/0.8.4.json 200
22:08:08.074971 [debug] [MainThread]: Making package registry request: GET https://hub.getdbt.com/api/v1/calogica/dbt_date.json
22:08:08.237965 [debug] [MainThread]: Response from registry: GET https://hub.getdbt.com/api/v1/calogica/dbt_date.json 200
22:08:08.253908 [debug] [MainThread]: Making package registry request: GET https://hub.getdbt.com/api/v1/calogica/dbt_date/0.5.7.json
22:08:08.418632 [debug] [MainThread]: Response from registry: GET https://hub.getdbt.com/api/v1/calogica/dbt_date/0.5.7.json 200
22:08:08.420688 [debug] [MainThread]: Making package registry request: GET https://hub.getdbt.com/api/v1/dbt-labs/dbt_utils.json
22:08:08.598549 [debug] [MainThread]: Response from registry: GET https://hub.getdbt.com/api/v1/dbt-labs/dbt_utils.json 200
22:08:08.628847 [debug] [MainThread]: Making package registry request: GET https://hub.getdbt.com/api/v1/dbt-labs/dbt_utils/0.8.4.json
22:08:08.815867 [debug] [MainThread]: Response from registry: GET https://hub.getdbt.com/api/v1/dbt-labs/dbt_utils/0.8.4.json 200
22:08:08.816640 [debug] [MainThread]: Making package registry request: GET https://hub.getdbt.com/api/v1/dbt-labs/codegen.json
22:08:08.967289 [debug] [MainThread]: Response from registry: GET https://hub.getdbt.com/api/v1/dbt-labs/codegen.json 200
22:08:08.973278 [debug] [MainThread]: Making package registry request: GET https://hub.getdbt.com/api/v1/dbt-labs/dbt_utils.json
22:08:09.139733 [debug] [MainThread]: Response from registry: GET https://hub.getdbt.com/api/v1/dbt-labs/dbt_utils.json 200
22:08:09.168868 [debug] [MainThread]: Making package registry request: GET https://hub.getdbt.com/api/v1/dbt-labs/dbt_external_tables.json
22:08:09.332425 [debug] [MainThread]: Response from registry: GET https://hub.getdbt.com/api/v1/dbt-labs/dbt_external_tables.json 200
22:08:09.340814 [debug] [MainThread]: Making package registry request: GET https://hub.getdbt.com/api/v1/calogica/dbt_expectations.json
22:08:09.503462 [debug] [MainThread]: Response from registry: GET https://hub.getdbt.com/api/v1/calogica/dbt_expectations.json 200
22:08:09.515589 [debug] [MainThread]: Making package registry request: GET https://hub.getdbt.com/api/v1/dbt-labs/metrics.json
22:08:09.690211 [debug] [MainThread]: Response from registry: GET https://hub.getdbt.com/api/v1/dbt-labs/metrics.json 200
22:08:09.697645 [debug] [MainThread]: Making package registry request: GET https://hub.getdbt.com/api/v1/calogica/dbt_date.json
22:08:09.868394 [debug] [MainThread]: Response from registry: GET https://hub.getdbt.com/api/v1/calogica/dbt_date.json 200
22:08:09.883394 [debug] [MainThread]: Making package registry request: GET https://hub.getdbt.com/api/v1/dbt-labs/codegen/0.6.0.json
22:08:10.044056 [debug] [MainThread]: Response from registry: GET https://hub.getdbt.com/api/v1/dbt-labs/codegen/0.6.0.json 200
22:08:10.044498 [debug] [MainThread]: Making package registry request: GET https://hub.getdbt.com/api/v1/dbt-labs/dbt_utils/0.8.4.json
22:08:10.211868 [debug] [MainThread]: Response from registry: GET https://hub.getdbt.com/api/v1/dbt-labs/dbt_utils/0.8.4.json 200
22:08:10.212643 [debug] [MainThread]: Making package registry request: GET https://hub.getdbt.com/api/v1/dbt-labs/dbt_external_tables/0.8.0.json
22:08:10.393173 [debug] [MainThread]: Response from registry: GET https://hub.getdbt.com/api/v1/dbt-labs/dbt_external_tables/0.8.0.json 200
22:08:10.394085 [debug] [MainThread]: Making package registry request: GET https://hub.getdbt.com/api/v1/calogica/dbt_expectations/0.5.6.json
22:08:10.568099 [debug] [MainThread]: Response from registry: GET https://hub.getdbt.com/api/v1/calogica/dbt_expectations/0.5.6.json 200
22:08:10.568997 [debug] [MainThread]: Making package registry request: GET https://hub.getdbt.com/api/v1/dbt-labs/metrics/1.3.0.json
22:08:10.750936 [debug] [MainThread]: Response from registry: GET https://hub.getdbt.com/api/v1/dbt-labs/metrics/1.3.0.json 200
22:08:10.751690 [debug] [MainThread]: Making package registry request: GET https://hub.getdbt.com/api/v1/calogica/dbt_date/0.5.7.json
22:08:10.909710 [debug] [MainThread]: Response from registry: GET https://hub.getdbt.com/api/v1/calogica/dbt_date/0.5.7.json 200
22:08:10.910694 [info ] [MainThread]: Installing dbt-labs/codegen
22:08:11.241824 [info ] [MainThread]:   Installed from version 0.6.0
22:08:11.242573 [info ] [MainThread]:   Updated version available: 0.8.1
22:08:11.243286 [debug] [MainThread]: Sending event: {'category': 'dbt', 'action': 'package', 'label': 'a795a881-cda7-434a-868b-57a4648be1c9', 'property_': 'install', 'context': [<snowplow_tracker.self_describing_json.SelfDescribingJson object at 0x10f05dfa0>, <snowplow_tracker.self_describing_json.SelfDescribingJson object at 0x10f06cd30>]}
22:08:11.243897 [info ] [MainThread]: Installing dbt-labs/dbt_utils
22:08:11.657166 [info ] [MainThread]:   Installed from version 0.8.4
22:08:11.657785 [info ] [MainThread]:   Updated version available: 0.9.2
22:08:11.658482 [debug] [MainThread]: Sending event: {'category': 'dbt', 'action': 'package', 'label': 'a795a881-cda7-434a-868b-57a4648be1c9', 'property_': 'install', 'context': [<snowplow_tracker.self_describing_json.SelfDescribingJson object at 0x10f06cf40>, <snowplow_tracker.self_describing_json.SelfDescribingJson object at 0x10f06c310>]}
22:08:11.659165 [info ] [MainThread]: Installing dbt-labs/dbt_external_tables
22:08:12.149488 [info ] [MainThread]:   Installed from version 0.8.0
22:08:12.150055 [info ] [MainThread]:   Updated version available: 0.8.2
22:08:12.150592 [debug] [MainThread]: Sending event: {'category': 'dbt', 'action': 'package', 'label': 'a795a881-cda7-434a-868b-57a4648be1c9', 'property_': 'install', 'context': [<snowplow_tracker.self_describing_json.SelfDescribingJson object at 0x10f119700>, <snowplow_tracker.self_describing_json.SelfDescribingJson object at 0x10f119520>]}
22:08:12.151049 [info ] [MainThread]: Installing calogica/dbt_expectations
22:08:15.560797 [info ] [MainThread]:   Installed from version 0.5.6
22:08:15.561386 [info ] [MainThread]:   Updated version available: 0.7.0
22:08:15.562075 [debug] [MainThread]: Sending event: {'category': 'dbt', 'action': 'package', 'label': 'a795a881-cda7-434a-868b-57a4648be1c9', 'property_': 'install', 'context': [<snowplow_tracker.self_describing_json.SelfDescribingJson object at 0x10f119d90>, <snowplow_tracker.self_describing_json.SelfDescribingJson object at 0x10f1198e0>]}
22:08:15.562624 [info ] [MainThread]: Installing dbt-labs/metrics
22:08:16.019423 [info ] [MainThread]:   Installed from version 1.3.0
22:08:16.019984 [info ] [MainThread]:   Up to date!
22:08:16.020546 [debug] [MainThread]: Sending event: {'category': 'dbt', 'action': 'package', 'label': 'a795a881-cda7-434a-868b-57a4648be1c9', 'property_': 'install', 'context': [<snowplow_tracker.self_describing_json.SelfDescribingJson object at 0x10f119370>, <snowplow_tracker.self_describing_json.SelfDescribingJson object at 0x10f119d30>]}
22:08:16.020995 [info ] [MainThread]: Installing calogica/dbt_date
22:08:16.252434 [info ] [MainThread]:   Installed from version 0.5.7
22:08:16.253042 [info ] [MainThread]:   Updated version available: 0.6.2
22:08:16.253631 [debug] [MainThread]: Sending event: {'category': 'dbt', 'action': 'package', 'label': 'a795a881-cda7-434a-868b-57a4648be1c9', 'property_': 'install', 'context': [<snowplow_tracker.self_describing_json.SelfDescribingJson object at 0x10f119e80>, <snowplow_tracker.self_describing_json.SelfDescribingJson object at 0x10f119f10>]}
22:08:16.254161 [info ] [MainThread]: 
22:08:16.254693 [info ] [MainThread]: Updates available for packages: ['dbt-labs/codegen', 'dbt-labs/dbt_utils', 'dbt-labs/dbt_external_tables', 'calogica/dbt_expectations', 'calogica/dbt_date']                 
Update your versions in packages.yml, then run dbt deps
22:08:16.257574 [debug] [MainThread]: Sending event: {'category': 'dbt', 'action': 'invocation', 'label': 'end', 'context': [<snowplow_tracker.self_describing_json.SelfDescribingJson object at 0x10f03e340>, <snowplow_tracker.self_describing_json.SelfDescribingJson object at 0x10f05d790>, <snowplow_tracker.self_describing_json.SelfDescribingJson object at 0x10f05ddc0>]}


============================== 2022-10-25 22:08:20.948190 | e5c429a1-dffa-4a45-9d34-f9915337689c ==============================
22:08:20.948190 [info ] [MainThread]: Running with dbt=1.0.1
22:08:20.949242 [debug] [MainThread]: running dbt with arguments Namespace(record_timing_info=None, debug=None, log_format=None, write_json=None, use_colors=None, printer_width=None, warn_error=None, version_check=None, partial_parse=None, single_threaded=False, use_experimental_parser=None, static_parser=None, profiles_dir='/Users/mikefuller/.dbt', send_anonymous_usage_stats=None, fail_fast=None, event_buffer_size=None, project_dir=None, profile=None, target=None, vars='{}', log_cache_events=False, compile=True, threads=None, select=None, exclude=None, selector_name=None, state=None, defer=None, cls=<class 'dbt.task.generate.GenerateTask'>, which='generate', rpc_method='docs.generate')
22:08:20.949612 [debug] [MainThread]: Tracking: tracking
22:08:20.950149 [debug] [MainThread]: Sending event: {'category': 'dbt', 'action': 'invocation', 'label': 'start', 'context': [<snowplow_tracker.self_describing_json.SelfDescribingJson object at 0x104f741f0>, <snowplow_tracker.self_describing_json.SelfDescribingJson object at 0x104f74190>, <snowplow_tracker.self_describing_json.SelfDescribingJson object at 0x104f745e0>]}
22:08:20.977689 [debug] [MainThread]: Sending event: {'category': 'dbt', 'action': 'invocation', 'label': 'end', 'context': [<snowplow_tracker.self_describing_json.SelfDescribingJson object at 0x104f74d00>, <snowplow_tracker.self_describing_json.SelfDescribingJson object at 0x104f74970>, <snowplow_tracker.self_describing_json.SelfDescribingJson object at 0x104f74e50>]}


============================== 2022-10-25 22:08:50.747876 | fcf4b285-b149-4102-b4df-06cae2a6c6d2 ==============================
22:08:50.747876 [info ] [MainThread]: Running with dbt=1.0.1
22:08:50.748733 [debug] [MainThread]: running dbt with arguments Namespace(record_timing_info=None, debug=None, log_format=None, write_json=None, use_colors=None, printer_width=None, warn_error=None, version_check=False, partial_parse=None, single_threaded=False, use_experimental_parser=None, static_parser=None, profiles_dir='/Users/mikefuller/.dbt', send_anonymous_usage_stats=None, fail_fast=None, event_buffer_size=None, project_dir=None, profile=None, target=None, vars='{}', log_cache_events=False, compile=True, threads=None, select=None, exclude=None, selector_name=None, state=None, defer=None, cls=<class 'dbt.task.generate.GenerateTask'>, which='generate', rpc_method='docs.generate')
22:08:50.749124 [debug] [MainThread]: Tracking: tracking
22:08:50.749525 [debug] [MainThread]: Sending event: {'category': 'dbt', 'action': 'invocation', 'label': 'start', 'context': [<snowplow_tracker.self_describing_json.SelfDescribingJson object at 0x11036f220>, <snowplow_tracker.self_describing_json.SelfDescribingJson object at 0x11036fe80>, <snowplow_tracker.self_describing_json.SelfDescribingJson object at 0x11036ff40>]}
22:08:50.827247 [info ] [MainThread]: Partial parse save file not found. Starting full parse.
22:08:50.827584 [debug] [MainThread]: Sending event: {'category': 'dbt', 'action': 'partial_parser', 'label': 'fcf4b285-b149-4102-b4df-06cae2a6c6d2', 'context': [<snowplow_tracker.self_describing_json.SelfDescribingJson object at 0x11036f640>]}
22:08:51.093499 [debug] [MainThread]: Parsing macros/cents_to_dollars.sql
22:08:51.094373 [debug] [MainThread]: Parsing macros/limit_data_in_dev.sql
22:08:51.095368 [debug] [MainThread]: Parsing macros/create_js_udf.sql
22:08:51.098204 [debug] [MainThread]: Parsing macros/grant_all_on_schemas.sql
22:08:51.099575 [debug] [MainThread]: Parsing macros/block_on_tests.sql
22:08:51.101235 [debug] [MainThread]: Parsing macros/create_udfs.sql
22:08:51.101758 [debug] [MainThread]: Parsing macros/udf_js.sql
22:08:51.102180 [debug] [MainThread]: Parsing macros/convert_money.sql
22:08:51.102553 [debug] [MainThread]: Parsing macros/centralize_test_failures.sql
22:08:51.106729 [debug] [MainThread]: Parsing macros/udf_area_of_circle.sql
22:08:51.107379 [debug] [MainThread]: Parsing macros/unit_test_mode.sql
22:08:51.108504 [debug] [MainThread]: Parsing macros/test_all_values_gte_zero.sql
22:08:51.109059 [debug] [MainThread]: Parsing macros/standard_account_fields.sql
22:08:51.110008 [debug] [MainThread]: Parsing macros/catalog.sql
22:08:51.111767 [debug] [MainThread]: Parsing macros/adapters.sql
22:08:51.148608 [debug] [MainThread]: Parsing macros/materializations/merge.sql
22:08:51.152202 [debug] [MainThread]: Parsing macros/materializations/seed.sql
22:08:51.157611 [debug] [MainThread]: Parsing macros/materializations/view.sql
22:08:51.158970 [debug] [MainThread]: Parsing macros/materializations/table.sql
22:08:51.161808 [debug] [MainThread]: Parsing macros/materializations/incremental.sql
22:08:51.170022 [debug] [MainThread]: Parsing macros/materializations/snapshot.sql
22:08:51.170986 [debug] [MainThread]: Parsing macros/materializations/hooks.sql
22:08:51.174453 [debug] [MainThread]: Parsing macros/materializations/configs.sql
22:08:51.176654 [debug] [MainThread]: Parsing macros/materializations/snapshots/snapshot_merge.sql
22:08:51.178168 [debug] [MainThread]: Parsing macros/materializations/snapshots/strategies.sql
22:08:51.193811 [debug] [MainThread]: Parsing macros/materializations/snapshots/helpers.sql
22:08:51.204699 [debug] [MainThread]: Parsing macros/materializations/snapshots/snapshot.sql
22:08:51.216604 [debug] [MainThread]: Parsing macros/materializations/tests/test.sql
22:08:51.220967 [debug] [MainThread]: Parsing macros/materializations/tests/helpers.sql
22:08:51.222604 [debug] [MainThread]: Parsing macros/materializations/tests/where_subquery.sql
22:08:51.224326 [debug] [MainThread]: Parsing macros/materializations/models/incremental/column_helpers.sql
22:08:51.228388 [debug] [MainThread]: Parsing macros/materializations/models/incremental/merge.sql
22:08:51.239075 [debug] [MainThread]: Parsing macros/materializations/models/incremental/is_incremental.sql
22:08:51.240635 [debug] [MainThread]: Parsing macros/materializations/models/incremental/incremental.sql
22:08:51.250853 [debug] [MainThread]: Parsing macros/materializations/models/incremental/on_schema_change.sql
22:08:51.266291 [debug] [MainThread]: Parsing macros/materializations/models/table/table.sql
22:08:51.273572 [debug] [MainThread]: Parsing macros/materializations/models/table/create_table_as.sql
22:08:51.276414 [debug] [MainThread]: Parsing macros/materializations/models/view/view.sql
22:08:51.283886 [debug] [MainThread]: Parsing macros/materializations/models/view/helpers.sql
22:08:51.285218 [debug] [MainThread]: Parsing macros/materializations/models/view/create_or_replace_view.sql
22:08:51.288030 [debug] [MainThread]: Parsing macros/materializations/models/view/create_view_as.sql
22:08:51.290657 [debug] [MainThread]: Parsing macros/materializations/seeds/seed.sql
22:08:51.296308 [debug] [MainThread]: Parsing macros/materializations/seeds/helpers.sql
22:08:51.311555 [debug] [MainThread]: Parsing macros/get_custom_name/get_custom_alias.sql
22:08:51.312978 [debug] [MainThread]: Parsing macros/get_custom_name/get_custom_schema.sql
22:08:51.315188 [debug] [MainThread]: Parsing macros/get_custom_name/get_custom_database.sql
22:08:51.316624 [debug] [MainThread]: Parsing macros/generic_test_sql/relationships.sql
22:08:51.317480 [debug] [MainThread]: Parsing macros/generic_test_sql/not_null.sql
22:08:51.317991 [debug] [MainThread]: Parsing macros/generic_test_sql/unique.sql
22:08:51.318651 [debug] [MainThread]: Parsing macros/generic_test_sql/accepted_values.sql
22:08:51.319880 [debug] [MainThread]: Parsing macros/etc/statement.sql
22:08:51.324108 [debug] [MainThread]: Parsing macros/etc/datetime.sql
22:08:51.333768 [debug] [MainThread]: Parsing macros/adapters/schema.sql
22:08:51.335840 [debug] [MainThread]: Parsing macros/adapters/indexes.sql
22:08:51.338530 [debug] [MainThread]: Parsing macros/adapters/relation.sql
22:08:51.347515 [debug] [MainThread]: Parsing macros/adapters/freshness.sql
22:08:51.350228 [debug] [MainThread]: Parsing macros/adapters/persist_docs.sql
22:08:51.354431 [debug] [MainThread]: Parsing macros/adapters/metadata.sql
22:08:51.361319 [debug] [MainThread]: Parsing macros/adapters/columns.sql
22:08:51.370799 [debug] [MainThread]: Parsing tests/generic/builtin.sql
22:08:51.374061 [debug] [MainThread]: Parsing macros/develop.sql
22:08:51.384908 [debug] [MainThread]: Parsing macros/calculate.sql
22:08:51.392024 [debug] [MainThread]: Parsing macros/get_metric_sql.sql
22:08:51.396900 [debug] [MainThread]: Parsing macros/misc/metrics__date_spine.sql
22:08:51.405084 [debug] [MainThread]: Parsing macros/misc/metrics__equality.sql
22:08:51.412047 [debug] [MainThread]: Parsing macros/graph_parsing/get_metric_relation.sql
22:08:51.413162 [debug] [MainThread]: Parsing macros/graph_parsing/get_model_relation.sql
22:08:51.415307 [debug] [MainThread]: Parsing macros/secondary_calculations/secondary_calculation_rolling.sql
22:08:51.416890 [debug] [MainThread]: Parsing macros/secondary_calculations/secondary_calculation_period_to_date.sql
22:08:51.418246 [debug] [MainThread]: Parsing macros/secondary_calculations/secondary_calculation_period_over_period.sql
22:08:51.422919 [debug] [MainThread]: Parsing macros/secondary_calculations/secondary_calculation_prior.sql
22:08:51.424370 [debug] [MainThread]: Parsing macros/secondary_calculations/generate_secondary_calculation_alias.sql
22:08:51.431234 [debug] [MainThread]: Parsing macros/secondary_calculations/perform_secondary_calculation.sql
22:08:51.435502 [debug] [MainThread]: Parsing macros/variables/get_faux_metric_tree.sql
22:08:51.440017 [debug] [MainThread]: Parsing macros/variables/get_metrics_dictionary.sql
22:08:51.442868 [debug] [MainThread]: Parsing macros/variables/get_calendar_dimensions.sql
22:08:51.444384 [debug] [MainThread]: Parsing macros/variables/get_non_calendar_dimension_list.sql
22:08:51.446376 [debug] [MainThread]: Parsing macros/variables/update_metric_tree.sql
22:08:51.451356 [debug] [MainThread]: Parsing macros/variables/get_metric_tree.sql
22:08:51.457608 [debug] [MainThread]: Parsing macros/variables/update_faux_metric_tree.sql
22:08:51.462980 [debug] [MainThread]: Parsing macros/variables/get_metric_model_name.sql
22:08:51.463828 [debug] [MainThread]: Parsing macros/variables/get_grain_order.sql
22:08:51.465553 [debug] [MainThread]: Parsing macros/variables/get_relevent_periods.sql
22:08:51.467069 [debug] [MainThread]: Parsing macros/variables/get_develop_unique_metric_id_list.sql
22:08:51.468692 [debug] [MainThread]: Parsing macros/variables/get_metric_list.sql
22:08:51.470450 [debug] [MainThread]: Parsing macros/variables/get_metric_definition.sql
22:08:51.476610 [debug] [MainThread]: Parsing macros/variables/get_metric_unique_id_list.sql
22:08:51.478693 [debug] [MainThread]: Parsing macros/variables/get_metric_allowlist.sql
22:08:51.481128 [debug] [MainThread]: Parsing macros/variables/get_base_metrics.sql
22:08:51.483611 [debug] [MainThread]: Parsing macros/sql_gen/gen_final_cte.sql
22:08:51.490709 [debug] [MainThread]: Parsing macros/sql_gen/build_metric_sql.sql
22:08:51.494277 [debug] [MainThread]: Parsing macros/sql_gen/gen_dimensions_cte.sql
22:08:51.496008 [debug] [MainThread]: Parsing macros/sql_gen/gen_order_by.sql
22:08:51.498548 [debug] [MainThread]: Parsing macros/sql_gen/gen_spine_time_cte.sql
22:08:51.502124 [debug] [MainThread]: Parsing macros/sql_gen/gen_secondary_calculations_cte.sql
22:08:51.507003 [debug] [MainThread]: Parsing macros/sql_gen/gen_calendar_cte.sql
22:08:51.509070 [debug] [MainThread]: Parsing macros/sql_gen/gen_metric_cte.sql
22:08:51.517970 [debug] [MainThread]: Parsing macros/sql_gen/gen_group_by.sql
22:08:51.521314 [debug] [MainThread]: Parsing macros/sql_gen/gen_base_query.sql
22:08:51.549014 [debug] [MainThread]: Parsing macros/sql_gen/gen_aggregate_cte.sql
22:08:51.553435 [debug] [MainThread]: Parsing macros/sql_gen/gen_primary_metric_aggregate.sql
22:08:51.560057 [debug] [MainThread]: Parsing macros/sql_gen/gen_joined_metrics_cte.sql
22:08:51.580610 [debug] [MainThread]: Parsing macros/secondary_calculations_configuration/period_over_period.sql
22:08:51.583189 [debug] [MainThread]: Parsing macros/secondary_calculations_configuration/prior.sql
22:08:51.585265 [debug] [MainThread]: Parsing macros/secondary_calculations_configuration/period_to_date.sql
22:08:51.587484 [debug] [MainThread]: Parsing macros/secondary_calculations_configuration/rolling.sql
22:08:51.589802 [debug] [MainThread]: Parsing macros/validation/is_valid_dimension.sql
22:08:51.590686 [debug] [MainThread]: Parsing macros/validation/validate_aggregate_coherence.sql
22:08:51.591606 [debug] [MainThread]: Parsing macros/validation/validate_develop_grain.sql
22:08:51.592886 [debug] [MainThread]: Parsing macros/validation/validate_derived_metrics.sql
22:08:51.594546 [debug] [MainThread]: Parsing macros/validation/validate_grain_order.sql
22:08:51.596489 [debug] [MainThread]: Parsing macros/validation/validate_dimension_list.sql
22:08:51.598463 [debug] [MainThread]: Parsing macros/validation/validate_metric_config.sql
22:08:51.600862 [debug] [MainThread]: Parsing macros/validation/validate_grain.sql
22:08:51.603457 [debug] [MainThread]: Parsing macros/cross_db_utils/except.sql
22:08:51.604288 [debug] [MainThread]: Parsing macros/cross_db_utils/replace.sql
22:08:51.605278 [debug] [MainThread]: Parsing macros/cross_db_utils/concat.sql
22:08:51.606043 [debug] [MainThread]: Parsing macros/cross_db_utils/datatypes.sql
22:08:51.612131 [debug] [MainThread]: Parsing macros/cross_db_utils/_is_relation.sql
22:08:51.613660 [debug] [MainThread]: Parsing macros/cross_db_utils/length.sql
22:08:51.614773 [debug] [MainThread]: Parsing macros/cross_db_utils/dateadd.sql
22:08:51.617227 [debug] [MainThread]: Parsing macros/cross_db_utils/intersect.sql
22:08:51.618098 [debug] [MainThread]: Parsing macros/cross_db_utils/escape_single_quotes.sql
22:08:51.619519 [debug] [MainThread]: Parsing macros/cross_db_utils/right.sql
22:08:51.622313 [debug] [MainThread]: Parsing macros/cross_db_utils/listagg.sql
22:08:51.630393 [debug] [MainThread]: Parsing macros/cross_db_utils/datediff.sql
22:08:51.639893 [debug] [MainThread]: Parsing macros/cross_db_utils/safe_cast.sql
22:08:51.641681 [debug] [MainThread]: Parsing macros/cross_db_utils/hash.sql
22:08:51.643195 [debug] [MainThread]: Parsing macros/cross_db_utils/cast_bool_to_text.sql
22:08:51.644516 [debug] [MainThread]: Parsing macros/cross_db_utils/identifier.sql
22:08:51.646137 [debug] [MainThread]: Parsing macros/cross_db_utils/any_value.sql
22:08:51.647286 [debug] [MainThread]: Parsing macros/cross_db_utils/position.sql
22:08:51.648685 [debug] [MainThread]: Parsing macros/cross_db_utils/literal.sql
22:08:51.649529 [debug] [MainThread]: Parsing macros/cross_db_utils/current_timestamp.sql
22:08:51.652622 [debug] [MainThread]: Parsing macros/cross_db_utils/width_bucket.sql
22:08:51.657467 [debug] [MainThread]: Parsing macros/cross_db_utils/bool_or.sql
22:08:51.659071 [debug] [MainThread]: Parsing macros/cross_db_utils/last_day.sql
22:08:51.662717 [debug] [MainThread]: Parsing macros/cross_db_utils/split_part.sql
22:08:51.664622 [debug] [MainThread]: Parsing macros/cross_db_utils/date_trunc.sql
22:08:51.666333 [debug] [MainThread]: Parsing macros/cross_db_utils/_is_ephemeral.sql
22:08:51.668323 [debug] [MainThread]: Parsing macros/materializations/insert_by_period_materialization.sql
22:08:51.691054 [debug] [MainThread]: Parsing macros/web/get_url_host.sql
22:08:51.692886 [debug] [MainThread]: Parsing macros/web/get_url_path.sql
22:08:51.695215 [debug] [MainThread]: Parsing macros/web/get_url_parameter.sql
22:08:51.696667 [debug] [MainThread]: Parsing macros/generic_tests/fewer_rows_than.sql
22:08:51.698194 [debug] [MainThread]: Parsing macros/generic_tests/equal_rowcount.sql
22:08:51.699662 [debug] [MainThread]: Parsing macros/generic_tests/relationships_where.sql
22:08:51.701637 [debug] [MainThread]: Parsing macros/generic_tests/recency.sql
22:08:51.703184 [debug] [MainThread]: Parsing macros/generic_tests/not_constant.sql
22:08:51.704373 [debug] [MainThread]: Parsing macros/generic_tests/accepted_range.sql
22:08:51.706636 [debug] [MainThread]: Parsing macros/generic_tests/not_accepted_values.sql
22:08:51.708305 [debug] [MainThread]: Parsing macros/generic_tests/test_unique_where.sql
22:08:51.709431 [debug] [MainThread]: Parsing macros/generic_tests/at_least_one.sql
22:08:51.710426 [debug] [MainThread]: Parsing macros/generic_tests/unique_combination_of_columns.sql
22:08:51.712799 [debug] [MainThread]: Parsing macros/generic_tests/cardinality_equality.sql
22:08:51.714383 [debug] [MainThread]: Parsing macros/generic_tests/expression_is_true.sql
22:08:51.715801 [debug] [MainThread]: Parsing macros/generic_tests/not_null_proportion.sql
22:08:51.717517 [debug] [MainThread]: Parsing macros/generic_tests/sequential_values.sql
22:08:51.719963 [debug] [MainThread]: Parsing macros/generic_tests/test_not_null_where.sql
22:08:51.721409 [debug] [MainThread]: Parsing macros/generic_tests/equality.sql
22:08:51.724606 [debug] [MainThread]: Parsing macros/generic_tests/mutually_exclusive_ranges.sql
22:08:51.731839 [debug] [MainThread]: Parsing macros/jinja_helpers/pretty_log_format.sql
22:08:51.732723 [debug] [MainThread]: Parsing macros/jinja_helpers/pretty_time.sql
22:08:51.733836 [debug] [MainThread]: Parsing macros/jinja_helpers/log_info.sql
22:08:51.734714 [debug] [MainThread]: Parsing macros/jinja_helpers/slugify.sql
22:08:51.735645 [debug] [MainThread]: Parsing macros/sql/date_spine.sql
22:08:51.739095 [debug] [MainThread]: Parsing macros/sql/nullcheck_table.sql
22:08:51.740493 [debug] [MainThread]: Parsing macros/sql/get_relations_by_pattern.sql
22:08:51.743161 [debug] [MainThread]: Parsing macros/sql/generate_series.sql
22:08:51.746534 [debug] [MainThread]: Parsing macros/sql/get_relations_by_prefix.sql
22:08:51.749746 [debug] [MainThread]: Parsing macros/sql/get_tables_by_prefix_sql.sql
22:08:51.751075 [debug] [MainThread]: Parsing macros/sql/star.sql
22:08:51.753878 [debug] [MainThread]: Parsing macros/sql/unpivot.sql
22:08:51.760360 [debug] [MainThread]: Parsing macros/sql/union.sql
22:08:51.769160 [debug] [MainThread]: Parsing macros/sql/groupby.sql
22:08:51.770275 [debug] [MainThread]: Parsing macros/sql/deduplicate.sql
22:08:51.772822 [debug] [MainThread]: Parsing macros/sql/surrogate_key.sql
22:08:51.775591 [debug] [MainThread]: Parsing macros/sql/safe_add.sql
22:08:51.776868 [debug] [MainThread]: Parsing macros/sql/nullcheck.sql
22:08:51.778386 [debug] [MainThread]: Parsing macros/sql/get_tables_by_pattern_sql.sql
22:08:51.784209 [debug] [MainThread]: Parsing macros/sql/get_column_values.sql
22:08:51.789682 [debug] [MainThread]: Parsing macros/sql/pivot.sql
22:08:51.793603 [debug] [MainThread]: Parsing macros/sql/get_filtered_columns_in_relation.sql
22:08:51.796511 [debug] [MainThread]: Parsing macros/sql/get_query_results_as_dict.sql
22:08:51.798825 [debug] [MainThread]: Parsing macros/sql/get_table_types_sql.sql
22:08:51.800352 [debug] [MainThread]: Parsing macros/sql/haversine_distance.sql
22:08:51.806318 [debug] [MainThread]: Parsing macros/generate_model_yaml.sql
22:08:51.809357 [debug] [MainThread]: Parsing macros/generate_base_model.sql
22:08:51.812106 [debug] [MainThread]: Parsing macros/generate_source.sql
22:08:51.818503 [debug] [MainThread]: Parsing macros/get_date_dimension.sql
22:08:51.841247 [debug] [MainThread]: Parsing macros/get_base_dates.sql
22:08:51.846267 [debug] [MainThread]: Parsing macros/fiscal_date/get_fiscal_year_dates.sql
22:08:51.850391 [debug] [MainThread]: Parsing macros/fiscal_date/get_fiscal_periods.sql
22:08:51.852240 [debug] [MainThread]: Parsing macros/calendar_date/tomorrow.sql
22:08:51.852840 [debug] [MainThread]: Parsing macros/calendar_date/next_week.sql
22:08:51.853363 [debug] [MainThread]: Parsing macros/calendar_date/next_month_name.sql
22:08:51.854036 [debug] [MainThread]: Parsing macros/calendar_date/next_month.sql
22:08:51.854553 [debug] [MainThread]: Parsing macros/calendar_date/day_name.sql
22:08:51.857435 [debug] [MainThread]: Parsing macros/calendar_date/to_unixtimestamp.sql
22:08:51.858955 [debug] [MainThread]: Parsing macros/calendar_date/n_days_away.sql
22:08:51.859751 [debug] [MainThread]: Parsing macros/calendar_date/week_start.sql
22:08:51.862252 [debug] [MainThread]: Parsing macros/calendar_date/iso_week_start.sql
22:08:51.864628 [debug] [MainThread]: Parsing macros/calendar_date/n_days_ago.sql
22:08:51.865615 [debug] [MainThread]: Parsing macros/calendar_date/last_week.sql
22:08:51.866133 [debug] [MainThread]: Parsing macros/calendar_date/now.sql
22:08:51.866806 [debug] [MainThread]: Parsing macros/calendar_date/periods_since.sql
22:08:51.867428 [debug] [MainThread]: Parsing macros/calendar_date/today.sql
22:08:51.867863 [debug] [MainThread]: Parsing macros/calendar_date/last_month.sql
22:08:51.868295 [debug] [MainThread]: Parsing macros/calendar_date/day_of_year.sql
22:08:51.869771 [debug] [MainThread]: Parsing macros/calendar_date/from_unixtimestamp.sql
22:08:51.874174 [debug] [MainThread]: Parsing macros/calendar_date/n_months_ago.sql
22:08:51.875022 [debug] [MainThread]: Parsing macros/calendar_date/date_part.sql
22:08:51.876177 [debug] [MainThread]: Parsing macros/calendar_date/n_weeks_away.sql
22:08:51.876915 [debug] [MainThread]: Parsing macros/calendar_date/day_of_month.sql
22:08:51.877743 [debug] [MainThread]: Parsing macros/calendar_date/yesterday.sql
22:08:51.878256 [debug] [MainThread]: Parsing macros/calendar_date/day_of_week.sql
22:08:51.884551 [debug] [MainThread]: Parsing macros/calendar_date/iso_week_end.sql
22:08:51.886429 [debug] [MainThread]: Parsing macros/calendar_date/n_weeks_ago.sql
22:08:51.887232 [debug] [MainThread]: Parsing macros/calendar_date/month_name.sql
22:08:51.889631 [debug] [MainThread]: Parsing macros/calendar_date/last_month_name.sql
22:08:51.890216 [debug] [MainThread]: Parsing macros/calendar_date/week_of_year.sql
22:08:51.891625 [debug] [MainThread]: Parsing macros/calendar_date/convert_timezone.sql
22:08:51.896335 [debug] [MainThread]: Parsing macros/calendar_date/n_months_away.sql
22:08:51.897123 [debug] [MainThread]: Parsing macros/calendar_date/iso_week_of_year.sql
22:08:51.899212 [debug] [MainThread]: Parsing macros/calendar_date/week_end.sql
22:08:51.901053 [debug] [MainThread]: Parsing macros/calendar_date/next_month_number.sql
22:08:51.901933 [debug] [MainThread]: Parsing macros/calendar_date/last_month_number.sql
22:08:51.902481 [debug] [MainThread]: Parsing macros/plugins/bigquery/create_external_table.sql
22:08:51.907059 [debug] [MainThread]: Parsing macros/plugins/bigquery/get_external_build_plan.sql
22:08:51.908638 [debug] [MainThread]: Parsing macros/plugins/snowflake/create_external_table.sql
22:08:51.912993 [debug] [MainThread]: Parsing macros/plugins/snowflake/refresh_external_table.sql
22:08:51.914816 [debug] [MainThread]: Parsing macros/plugins/snowflake/get_external_build_plan.sql
22:08:51.917604 [debug] [MainThread]: Parsing macros/plugins/snowflake/snowpipe/create_snowpipe.sql
22:08:51.919020 [debug] [MainThread]: Parsing macros/plugins/snowflake/snowpipe/create_empty_table.sql
22:08:51.920170 [debug] [MainThread]: Parsing macros/plugins/snowflake/snowpipe/refresh_snowpipe.sql
22:08:51.921553 [debug] [MainThread]: Parsing macros/plugins/snowflake/snowpipe/get_copy_sql.sql
22:08:51.924401 [debug] [MainThread]: Parsing macros/plugins/snowflake/helpers/is_csv.sql
22:08:51.929043 [debug] [MainThread]: Parsing macros/plugins/redshift/create_external_table.sql
22:08:51.931824 [debug] [MainThread]: Parsing macros/plugins/redshift/refresh_external_table.sql
22:08:51.939702 [debug] [MainThread]: Parsing macros/plugins/redshift/get_external_build_plan.sql
22:08:51.941229 [debug] [MainThread]: Parsing macros/plugins/redshift/helpers/render_macro.sql
22:08:51.943202 [debug] [MainThread]: Parsing macros/plugins/redshift/helpers/dropif.sql
22:08:51.944343 [debug] [MainThread]: Parsing macros/plugins/redshift/helpers/add_partitions.sql
22:08:51.949316 [debug] [MainThread]: Parsing macros/plugins/redshift/helpers/transaction.sql
22:08:51.949982 [debug] [MainThread]: Parsing macros/plugins/redshift/helpers/paths.sql
22:08:51.952431 [debug] [MainThread]: Parsing macros/plugins/redshift/helpers/is_ext_tbl.sql
22:08:51.954670 [debug] [MainThread]: Parsing macros/plugins/sqlserver/create_external_table.sql
22:08:51.958194 [debug] [MainThread]: Parsing macros/plugins/sqlserver/get_external_build_plan.sql
22:08:51.960584 [debug] [MainThread]: Parsing macros/plugins/sqlserver/helpers/dropif.sql
22:08:51.961840 [debug] [MainThread]: Parsing macros/plugins/spark/create_external_table.sql
22:08:51.967148 [debug] [MainThread]: Parsing macros/plugins/spark/refresh_external_table.sql
22:08:51.968125 [debug] [MainThread]: Parsing macros/plugins/spark/get_external_build_plan.sql
22:08:51.970684 [debug] [MainThread]: Parsing macros/plugins/spark/helpers/recover_partitions.sql
22:08:51.972502 [debug] [MainThread]: Parsing macros/plugins/spark/helpers/dropif.sql
22:08:51.973632 [debug] [MainThread]: Parsing macros/common/create_external_table.sql
22:08:51.975417 [debug] [MainThread]: Parsing macros/common/refresh_external_table.sql
22:08:51.976625 [debug] [MainThread]: Parsing macros/common/get_external_build_plan.sql
22:08:51.977626 [debug] [MainThread]: Parsing macros/common/stage_external_sources.sql
22:08:51.989005 [debug] [MainThread]: Parsing macros/common/helpers/dropif.sql
22:08:51.990896 [debug] [MainThread]: Parsing macros/common/helpers/transaction.sql
22:08:51.991918 [debug] [MainThread]: Parsing macros/utils/datatypes.sql
22:08:51.994222 [debug] [MainThread]: Parsing macros/regex/regexp_instr.sql
22:08:51.996999 [debug] [MainThread]: Parsing macros/math/log_natural.sql
22:08:51.998877 [debug] [MainThread]: Parsing macros/math/rand.sql
22:08:52.000748 [debug] [MainThread]: Parsing macros/math/median.sql
22:08:52.001562 [debug] [MainThread]: Parsing macros/math/percentile_cont.sql
22:08:52.003663 [debug] [MainThread]: Parsing macros/schema_tests/_generalized/expression_between.sql
22:08:52.007407 [debug] [MainThread]: Parsing macros/schema_tests/_generalized/expression_is_true.sql
22:08:52.012514 [debug] [MainThread]: Parsing macros/schema_tests/_generalized/equal_expression.sql
22:08:52.028911 [debug] [MainThread]: Parsing macros/schema_tests/_generalized/_truth_expression.sql
22:08:52.029964 [debug] [MainThread]: Parsing macros/schema_tests/string_matching/expect_column_values_to_match_like_pattern.sql
22:08:52.031162 [debug] [MainThread]: Parsing macros/schema_tests/string_matching/expect_column_values_to_match_like_pattern_list.sql
22:08:52.033202 [debug] [MainThread]: Parsing macros/schema_tests/string_matching/expect_column_values_to_match_regex.sql
22:08:52.034462 [debug] [MainThread]: Parsing macros/schema_tests/string_matching/expect_column_value_lengths_to_equal.sql
22:08:52.035579 [debug] [MainThread]: Parsing macros/schema_tests/string_matching/expect_column_value_lengths_to_be_between.sql
22:08:52.037445 [debug] [MainThread]: Parsing macros/schema_tests/string_matching/expect_column_values_to_not_match_regex.sql
22:08:52.038953 [debug] [MainThread]: Parsing macros/schema_tests/string_matching/expect_column_values_to_not_match_regex_list.sql
22:08:52.041253 [debug] [MainThread]: Parsing macros/schema_tests/string_matching/expect_column_values_to_match_regex_list.sql
22:08:52.043386 [debug] [MainThread]: Parsing macros/schema_tests/string_matching/expect_column_values_to_not_match_like_pattern_list.sql
22:08:52.045403 [debug] [MainThread]: Parsing macros/schema_tests/string_matching/_get_like_pattern_expression.sql
22:08:52.046066 [debug] [MainThread]: Parsing macros/schema_tests/string_matching/expect_column_values_to_not_match_like_pattern.sql
22:08:52.047217 [debug] [MainThread]: Parsing macros/schema_tests/table_shape/expect_row_values_to_have_recent_data.sql
22:08:52.051629 [debug] [MainThread]: Parsing macros/schema_tests/table_shape/expect_table_columns_to_contain_set.sql
22:08:52.054429 [debug] [MainThread]: Parsing macros/schema_tests/table_shape/expect_table_row_count_to_equal_other_table.sql
22:08:52.055504 [debug] [MainThread]: Parsing macros/schema_tests/table_shape/expect_table_columns_to_not_contain_set.sql
22:08:52.058033 [debug] [MainThread]: Parsing macros/schema_tests/table_shape/expect_grouped_row_values_to_have_recent_data.sql
22:08:52.063217 [debug] [MainThread]: Parsing macros/schema_tests/table_shape/expect_column_to_exist.sql
22:08:52.065829 [debug] [MainThread]: Parsing macros/schema_tests/table_shape/expect_table_row_count_to_equal.sql
22:08:52.068474 [debug] [MainThread]: Parsing macros/schema_tests/table_shape/expect_table_row_count_to_be_between.sql
22:08:52.069981 [debug] [MainThread]: Parsing macros/schema_tests/table_shape/expect_table_row_count_to_equal_other_table_times_factor.sql
22:08:52.070762 [debug] [MainThread]: Parsing macros/schema_tests/table_shape/expect_table_columns_to_match_set.sql
22:08:52.073975 [debug] [MainThread]: Parsing macros/schema_tests/table_shape/_get_column_list.sql
22:08:52.075432 [debug] [MainThread]: Parsing macros/schema_tests/table_shape/expect_table_columns_to_match_ordered_list.sql
22:08:52.079092 [debug] [MainThread]: Parsing macros/schema_tests/table_shape/_list_intersect.sql
22:08:52.080337 [debug] [MainThread]: Parsing macros/schema_tests/table_shape/expect_table_column_count_to_equal_other_table.sql
22:08:52.081513 [debug] [MainThread]: Parsing macros/schema_tests/table_shape/expect_table_column_count_to_equal.sql
22:08:52.082410 [debug] [MainThread]: Parsing macros/schema_tests/table_shape/expect_table_column_count_to_be_between.sql
22:08:52.084433 [debug] [MainThread]: Parsing macros/schema_tests/column_values_basic/expect_column_values_to_not_be_in_set.sql
22:08:52.087304 [debug] [MainThread]: Parsing macros/schema_tests/column_values_basic/expect_column_values_to_be_in_set.sql
22:08:52.089726 [debug] [MainThread]: Parsing macros/schema_tests/column_values_basic/expect_column_values_to_be_increasing.sql
22:08:52.092917 [debug] [MainThread]: Parsing macros/schema_tests/column_values_basic/expect_column_values_to_be_null.sql
22:08:52.094207 [debug] [MainThread]: Parsing macros/schema_tests/column_values_basic/expect_column_values_to_be_unique.sql
22:08:52.095217 [debug] [MainThread]: Parsing macros/schema_tests/column_values_basic/expect_column_values_to_be_between.sql
22:08:52.097471 [debug] [MainThread]: Parsing macros/schema_tests/column_values_basic/expect_column_values_to_be_decreasing.sql
22:08:52.101079 [debug] [MainThread]: Parsing macros/schema_tests/column_values_basic/expect_column_values_to_be_in_type_list.sql
22:08:52.103411 [debug] [MainThread]: Parsing macros/schema_tests/column_values_basic/expect_column_values_to_be_of_type.sql
22:08:52.104104 [debug] [MainThread]: Parsing macros/schema_tests/column_values_basic/expect_column_values_to_have_consistent_casing.sql
22:08:52.105168 [debug] [MainThread]: Parsing macros/schema_tests/column_values_basic/expect_column_values_to_not_be_null.sql
22:08:52.106472 [debug] [MainThread]: Parsing macros/schema_tests/aggregate_functions/expect_column_min_to_be_between.sql
22:08:52.108518 [debug] [MainThread]: Parsing macros/schema_tests/aggregate_functions/expect_column_unique_value_count_to_be_between.sql
22:08:52.110331 [debug] [MainThread]: Parsing macros/schema_tests/aggregate_functions/expect_column_quantile_values_to_be_between.sql
22:08:52.112122 [debug] [MainThread]: Parsing macros/schema_tests/aggregate_functions/expect_column_median_to_be_between.sql
22:08:52.113809 [debug] [MainThread]: Parsing macros/schema_tests/aggregate_functions/expect_column_proportion_of_unique_values_to_be_between.sql
22:08:52.115564 [debug] [MainThread]: Parsing macros/schema_tests/aggregate_functions/expect_column_distinct_values_to_equal_set.sql
22:08:52.117493 [debug] [MainThread]: Parsing macros/schema_tests/aggregate_functions/expect_column_most_common_value_to_be_in_set.sql
22:08:52.122261 [debug] [MainThread]: Parsing macros/schema_tests/aggregate_functions/expect_column_distinct_values_to_contain_set.sql
22:08:52.124128 [debug] [MainThread]: Parsing macros/schema_tests/aggregate_functions/expect_column_distinct_count_to_equal.sql
22:08:52.125523 [debug] [MainThread]: Parsing macros/schema_tests/aggregate_functions/expect_column_sum_to_be_between.sql
22:08:52.127152 [debug] [MainThread]: Parsing macros/schema_tests/aggregate_functions/expect_column_stdev_to_be_between.sql
22:08:52.130390 [debug] [MainThread]: Parsing macros/schema_tests/aggregate_functions/expect_column_mean_to_be_between.sql
22:08:52.132023 [debug] [MainThread]: Parsing macros/schema_tests/aggregate_functions/expect_column_max_to_be_between.sql
22:08:52.133622 [debug] [MainThread]: Parsing macros/schema_tests/aggregate_functions/expect_column_distinct_count_to_be_greater_than.sql
22:08:52.134980 [debug] [MainThread]: Parsing macros/schema_tests/aggregate_functions/expect_column_distinct_values_to_be_in_set.sql
22:08:52.136985 [debug] [MainThread]: Parsing macros/schema_tests/aggregate_functions/expect_column_distinct_count_to_equal_other_table.sql
22:08:52.138638 [debug] [MainThread]: Parsing macros/schema_tests/distributional/expect_row_values_to_have_data_for_every_n_datepart.sql
22:08:52.147889 [debug] [MainThread]: Parsing macros/schema_tests/distributional/expect_column_values_to_be_within_n_moving_stdevs.sql
22:08:52.158387 [debug] [MainThread]: Parsing macros/schema_tests/distributional/expect_column_values_to_be_within_n_stdevs.sql
22:08:52.161334 [debug] [MainThread]: Parsing macros/schema_tests/multi-column/expect_select_column_values_to_be_unique_within_record.sql
22:08:52.167396 [debug] [MainThread]: Parsing macros/schema_tests/multi-column/expect_compound_columns_to_be_unique.sql
22:08:52.172822 [debug] [MainThread]: Parsing macros/schema_tests/multi-column/expect_multicolumn_sum_to_equal.sql
22:08:52.174680 [debug] [MainThread]: Parsing macros/schema_tests/multi-column/expect_column_pair_values_to_be_equal.sql
22:08:52.176076 [debug] [MainThread]: Parsing macros/schema_tests/multi-column/expect_column_pair_values_A_to_be_greater_than_B.sql
22:08:52.177494 [debug] [MainThread]: Parsing macros/schema_tests/multi-column/expect_column_pair_values_to_be_in_set.sql
22:08:52.894704 [debug] [MainThread]: 1699: static parser successfully parsed staging/tpch/stg_tpch_orders.sql
22:08:52.905750 [debug] [MainThread]: 1603: static parser failed on staging/tpch/stg_tpch_part_suppliers.sql
22:08:52.922815 [debug] [MainThread]: 1602: parser fallback to jinja rendering on staging/tpch/stg_tpch_part_suppliers.sql
22:08:52.923955 [debug] [MainThread]: 1699: static parser successfully parsed staging/tpch/stg_tpch_suppliers.sql
22:08:52.925769 [debug] [MainThread]: 1699: static parser successfully parsed staging/tpch/stg_tpch_regions.sql
22:08:52.927503 [debug] [MainThread]: 1699: static parser successfully parsed staging/tpch/stg_tpch_customers.sql
22:08:52.929269 [debug] [MainThread]: 1699: static parser successfully parsed staging/tpch/stg_tpch_nations.sql
22:08:52.931182 [debug] [MainThread]: 1603: static parser failed on staging/tpch/stg_tpch_line_items.sql
22:08:52.936054 [debug] [MainThread]: 1602: parser fallback to jinja rendering on staging/tpch/stg_tpch_line_items.sql
22:08:52.937333 [debug] [MainThread]: 1699: static parser successfully parsed staging/tpch/stg_tpch_parts.sql
22:08:52.939329 [debug] [MainThread]: 1699: static parser successfully parsed marts/core/dim_suppliers.sql
22:08:52.942018 [debug] [MainThread]: 1699: static parser successfully parsed marts/core/dim_parts.sql
22:08:52.944038 [debug] [MainThread]: 1603: static parser failed on marts/core/dim_customers.sql
22:08:52.949522 [debug] [MainThread]: 1602: parser fallback to jinja rendering on marts/core/dim_customers.sql
22:08:52.950750 [debug] [MainThread]: 1699: static parser successfully parsed marts/core/fct_order_items.sql
22:08:52.952829 [debug] [MainThread]: 1699: static parser successfully parsed marts/core/fct_orders.sql
22:08:52.954774 [debug] [MainThread]: 1699: static parser successfully parsed marts/aggregates/agg_ship_modes_hardcoded_pivot.sql
22:08:52.956688 [debug] [MainThread]: 1699: static parser successfully parsed marts/aggregates/agg_daily_returned_orders.sql
22:08:52.958753 [debug] [MainThread]: 1699: static parser successfully parsed marts/aggregates/monthly_gross_revenue.sql
22:08:52.961412 [debug] [MainThread]: 1603: static parser failed on marts/aggregates/agg_ship_modes_dynamic_pivot.sql
22:08:52.972030 [debug] [MainThread]: 1602: parser fallback to jinja rendering on marts/aggregates/agg_ship_modes_dynamic_pivot.sql
22:08:52.973257 [debug] [MainThread]: 1699: static parser successfully parsed marts/aggregates/agg_returned_orders_by_month.sql
22:08:52.975251 [debug] [MainThread]: 1699: static parser successfully parsed marts/intermediate/part_suppliers.sql
22:08:52.977223 [debug] [MainThread]: 1603: static parser failed on marts/intermediate/order_items.sql
22:08:52.983336 [debug] [MainThread]: 1602: parser fallback to jinja rendering on marts/intermediate/order_items.sql
22:08:52.984338 [debug] [MainThread]: 1603: static parser failed on utils/all_days.sql
22:08:53.009286 [debug] [MainThread]: 1602: parser fallback to jinja rendering on utils/all_days.sql
22:08:53.010656 [debug] [MainThread]: 1699: static parser successfully parsed demo_examples/actual_and_forecasted_returns.sql
22:08:53.013563 [debug] [MainThread]: 1603: static parser failed on demo_examples/use_variables.sql
22:08:53.018050 [debug] [MainThread]: 1602: parser fallback to jinja rendering on demo_examples/use_variables.sql
22:08:53.019061 [debug] [MainThread]: 1603: static parser failed on demo_examples/materialization_incremental.sql
22:08:53.027672 [debug] [MainThread]: 1602: parser fallback to jinja rendering on demo_examples/materialization_incremental.sql
22:08:53.182459 [debug] [MainThread]: 1603: static parser failed on dbt_metrics_default_calendar.sql
22:08:53.211282 [debug] [MainThread]: Sending event: {'category': 'dbt', 'action': 'invocation', 'label': 'end', 'context': [<snowplow_tracker.self_describing_json.SelfDescribingJson object at 0x1105950d0>, <snowplow_tracker.self_describing_json.SelfDescribingJson object at 0x110886ac0>, <snowplow_tracker.self_describing_json.SelfDescribingJson object at 0x110886a60>]}
